{"/Users/ghaidzahran/401/401-data-structures-and-algorithms/challenges/c-ch4/challenge4.js": {"path":"/Users/ghaidzahran/401/401-data-structures-and-algorithms/challenges/c-ch4/challenge4.js","statementMap":{"0":{"start":{"line":7,"column":22},"end":{"line":7,"column":41}},"1":{"start":{"line":9,"column":1},"end":{"line":21,"column":1}},"2":{"start":{"line":10,"column":17},"end":{"line":10,"column":19}},"3":{"start":{"line":11,"column":4},"end":{"line":18,"column":1}},"4":{"start":{"line":11,"column":16},"end":{"line":11,"column":17}},"5":{"start":{"line":12,"column":18},"end":{"line":12,"column":19}},"6":{"start":{"line":13,"column":8},"end":{"line":16,"column":5}},"7":{"start":{"line":13,"column":20},"end":{"line":13,"column":21}},"8":{"start":{"line":14,"column":8},"end":{"line":14,"column":25}},"9":{"start":{"line":17,"column":0},"end":{"line":17,"column":17}},"10":{"start":{"line":19,"column":0},"end":{"line":19,"column":57}},"11":{"start":{"line":20,"column":0},"end":{"line":20,"column":14}}},"fnMap":{"0":{"name":"(anonymous_0)","decl":{"start":{"line":9,"column":26},"end":{"line":9,"column":27}},"loc":{"start":{"line":9,"column":39},"end":{"line":21,"column":1}},"line":9}},"branchMap":{},"s":{"0":1,"1":1,"2":2,"3":2,"4":2,"5":4,"6":4,"7":4,"8":12,"9":4,"10":2,"11":2},"f":{"0":2},"b":{},"_coverageSchema":"1a1c01bbd47fc00a2c39e90264f33305004495a9","hash":"38c994751eafc6224113124299ad782eee39f2d5"}
}
